<?xml version="1.0" encoding="UTF-8"?>
<testng-results skipped="0" failed="0" total="1" passed="1">
  <reporter-output>
  </reporter-output>
  <suite name="Suite" duration-ms="11469" started-at="2018-03-04T13:25:52Z" finished-at="2018-03-04T13:26:03Z">
    <groups>
    </groups>
    <test name="Test" duration-ms="11469" started-at="2018-03-04T13:25:52Z" finished-at="2018-03-04T13:26:03Z">
      <class name="com.tyss.Demo">
        <test-method status="PASS" signature="testA()[pri:0, instance:com.tyss.Demo@6aaa5eb0]" name="testA" duration-ms="11456" started-at="2018-03-04T18:55:52Z" finished-at="2018-03-04T18:56:03Z">
          <reporter-output>
          </reporter-output>
        </test-method> <!-- testA -->
      </class> <!-- com.tyss.Demo -->
    </test> <!-- Test -->
  </suite> <!-- Suite -->
</testng-results>
