<?xml version="1.0" encoding="UTF-8"?>
<testng-results skipped="0" failed="0" total="1" passed="1">
  <reporter-output>
  </reporter-output>
  <suite name="Suite" duration-ms="23471" started-at="2018-03-04T13:24:17Z" finished-at="2018-03-04T13:24:41Z">
    <groups>
    </groups>
    <test name="Test" duration-ms="23471" started-at="2018-03-04T13:24:17Z" finished-at="2018-03-04T13:24:41Z">
      <class name="com.tyss.Demo">
        <test-method status="PASS" signature="testA()[pri:0, instance:com.tyss.Demo@2a2d45ba]" name="testA" duration-ms="23454" started-at="2018-03-04T18:54:17Z" finished-at="2018-03-04T18:54:41Z">
          <reporter-output>
          </reporter-output>
        </test-method> <!-- testA -->
      </class> <!-- com.tyss.Demo -->
    </test> <!-- Test -->
  </suite> <!-- Suite -->
</testng-results>
